<?xml version="1.0" encoding="UTF-8"?>
<robot generator="Robot 7.0 (Python 3.12.2 on win32)" generated="2024-03-04T20:43:14.961253" rpa="false" schemaversion="5">
<suite id="s1" name="Alterar Senha" source="C:\Users\kaual\mainframe 3270\features\alterar_senha.robot">
<test id="s1-t1" name="Cenario: Alterar senha inicial do usuário" line="9">
<kw name="Open Mainframe" owner="common_kws" type="SETUP">
<kw name="Open Connection" owner="Mainframe3270">
<arg>host=${host}</arg>
<arg>port=${port}</arg>
<doc>Create a connection with IBM3270 mainframe with the default port 23. To make a connection with the mainframe
you only must inform the Host. You can pass the Logical Unit Name and the Port as optional.</doc>
<status status="PASS" start="2024-03-04T20:43:15.082179" elapsed="0.515704"/>
</kw>
<kw name="Change Wait Time" owner="Mainframe3270">
<arg>0.5</arg>
<doc>To give time for the mainframe screen to be "drawn" and receive the next commands, a "wait time" has been
created, which by default is set to 0.5 seconds. This is a sleep applied AFTER the follow keywords:</doc>
<status status="PASS" start="2024-03-04T20:43:15.597883" elapsed="0.000993"/>
</kw>
<kw name="Change Wait Time After Write" owner="Mainframe3270">
<arg>0.5</arg>
<doc>To give the user time to see what is happening inside the mainframe, a "change wait time after write" has
been created, which by default is set to 0 seconds. This is a sleep applied AFTER the string sent in this
keywords:</doc>
<status status="PASS" start="2024-03-04T20:43:15.598876" elapsed="0.000000"/>
</kw>
<kw name="Set Screenshot Folder" owner="Mainframe3270">
<arg>${EXECDIR}/Results/screenshots</arg>
<doc>Set a folder to keep the html files generated by the `Take Screenshot` keyword.</doc>
<status status="PASS" start="2024-03-04T20:43:15.598876" elapsed="0.000000"/>
</kw>
<arg>${HOST.pub400}</arg>
<arg>${PORT.pub400}</arg>
<status status="PASS" start="2024-03-04T20:43:15.080180" elapsed="0.518696"/>
</kw>
<kw name="Dado que estou na aplicação" owner="home_kws">
<kw name="Wait Until String" owner="Mainframe3270">
<arg>${HOME.welcome}</arg>
<arg>timeout=20</arg>
<doc>Wait until a string exists on the mainframe screen to perform the next step. If the string not appear on
5 seconds the keyword will raise a exception. You can define a different timeout.</doc>
<status status="PASS" start="2024-03-04T20:43:15.600875" elapsed="8.283578"/>
</kw>
<status status="PASS" start="2024-03-04T20:43:15.599873" elapsed="8.284580"/>
</kw>
<kw name="Quando realizo login na aplicação" owner="home_kws">
<kw name="Get Value From User" owner="Dialogs">
<msg time="2024-03-04T20:43:30.536748" level="INFO">${user} = LUANF13</msg>
<var>${user}</var>
<arg>Insira sua credencial:</arg>
<doc>Pauses execution and asks user to input a value.</doc>
<status status="PASS" start="2024-03-04T20:43:23.886453" elapsed="6.650295"/>
</kw>
<kw name="Get Value From User" owner="Dialogs">
<msg time="2024-03-04T20:43:35.904809" level="INFO">${password} = lu10899an</msg>
<var>${password}</var>
<arg>Insira sua senha:</arg>
<doc>Pauses execution and asks user to input a value.</doc>
<status status="PASS" start="2024-03-04T20:43:30.536748" elapsed="5.368061"/>
</kw>
<kw name="Write Bare In Position" owner="Mainframe3270">
<arg>${user}</arg>
<arg>5</arg>
<arg>25</arg>
<doc>Send only the string to the screen at screen co-ordinates "ypos"/"xpos".</doc>
<status status="PASS" start="2024-03-04T20:43:35.905809" elapsed="0.509706"/>
</kw>
<kw name="Move Next Field" owner="Mainframe3270">
<doc>Move the cursor to the next input field. Equivalent to pressing the Tab key.</doc>
<status status="PASS" start="2024-03-04T20:43:36.415515" elapsed="0.001005"/>
</kw>
<kw name="Write Bare" owner="Mainframe3270">
<arg>${password}</arg>
<doc>Send only the string to the screen at the current cursor location.</doc>
<status status="PASS" start="2024-03-04T20:43:36.417522" elapsed="0.501319"/>
</kw>
<kw name="Send Enter" owner="Mainframe3270">
<doc>Send a Enter to the screen.</doc>
<status status="PASS" start="2024-03-04T20:43:36.918841" elapsed="1.042473"/>
</kw>
<status status="PASS" start="2024-03-04T20:43:23.885453" elapsed="14.075861"/>
</kw>
<kw name="Entao devo realizar a alteração da senha" owner="reset_password_kws">
<kw name="Wait Until String" owner="Mainframe3270">
<msg time="2024-03-04T20:43:42.006863" level="FAIL">String "Sign-on Information" not found in 5 seconds</msg>
<arg>${RESET_PASSWORD.title}</arg>
<doc>Wait until a string exists on the mainframe screen to perform the next step. If the string not appear on
5 seconds the keyword will raise a exception. You can define a different timeout.</doc>
<status status="FAIL" start="2024-03-04T20:43:37.962924" elapsed="4.044939">String "Sign-on Information" not found in 5 seconds</status>
</kw>
<kw name="Send Enter" owner="Mainframe3270">
<doc>Send a Enter to the screen.</doc>
<status status="NOT RUN" start="2024-03-04T20:43:42.007863" elapsed="0.000000"/>
</kw>
<kw name="Alterar senha" owner="reset_password_kws">
<arg>lu10899an</arg>
<arg>lu130899an</arg>
<status status="NOT RUN" start="2024-03-04T20:43:42.008862" elapsed="0.000000"/>
</kw>
<status status="FAIL" start="2024-03-04T20:43:37.961919" elapsed="4.046943">String "Sign-on Information" not found in 5 seconds</status>
</kw>
<kw name="Close Mainframe" owner="common_kws" type="TEARDOWN">
<kw name="Take Screenshot" owner="Mainframe3270">
<msg time="2024-03-04T20:43:42.016860" level="FAIL">CommandError: Syntax error: ")" or "," expected at column 46</msg>
<doc>Generate a screenshot of the IBM 3270 Mainframe in a html format. The
default folder is the log folder of RobotFramework, if you want change see the `Set Screenshot Folder`.</doc>
<status status="FAIL" start="2024-03-04T20:43:42.009862" elapsed="0.007997">CommandError: Syntax error: ")" or "," expected at column 46</status>
</kw>
<kw name="Close Connection" owner="Mainframe3270">
<doc>Disconnect from the host.</doc>
<status status="PASS" start="2024-03-04T20:43:42.017859" elapsed="0.000998"/>
</kw>
<status status="FAIL" start="2024-03-04T20:43:42.009862" elapsed="0.008995">CommandError: Syntax error: ")" or "," expected at column 46</status>
</kw>
<status status="FAIL" start="2024-03-04T20:43:15.078181" elapsed="26.940676">String "Sign-on Information" not found in 5 seconds

Also teardown failed:
CommandError: Syntax error: ")" or "," expected at column 46</status>
</test>
<status status="FAIL" start="2024-03-04T20:43:14.963254" elapsed="27.064599"/>
</suite>
<statistics>
<total>
<stat pass="0" fail="1" skip="0">All Tests</stat>
</total>
<tag>
</tag>
<suite>
<stat pass="0" fail="1" skip="0" id="s1" name="Alterar Senha">Alterar Senha</stat>
</suite>
</statistics>
<errors>
<msg time="2024-03-04T20:43:15.051198" level="ERROR">Error in file 'C:\Users\kaual\mainframe 3270\Resources\setup.robot' on line 8: Importing library 'FakerLibrary' failed: ModuleNotFoundError: No module named 'pkg_resources'
Traceback (most recent call last):
  File "C:\Users\kaual\AppData\Roaming\Python\Python312\site-packages\FakerLibrary\__init__.py", line 1, in &lt;module&gt;
    import pkg_resources
PYTHONPATH:
  C:\Users\kaual\AppData\Roaming\Python\Python312\Scripts\robot.exe
  C:\Program Files\Python312\python312.zip
  C:\Program Files\Python312\DLLs
  C:\Program Files\Python312\Lib
  C:\Program Files\Python312
  C:\Users\kaual\AppData\Roaming\Python\Python312\site-packages
  C:\Program Files\Python312\Lib\site-packages</msg>
</errors>
</robot>
